2019-01-09 20:08:12: Using pytorch 0.4.0 (['/home/ljf/.conda/envs/mfnet_cuda8_py3/lib/python3.6/site-packages/torch'])
2019-01-09 20:08:12: Start training with args:
{
    "backend": "nccl",
    "batch_size": 32,
    "clip_length": 16,
    "dataset": "anview",
    "debug_mode": true,
    "dist_url": "tcp://192.168.0.11:23456",
    "end_epoch": 50,
    "fine_tune": true,
    "gpus": "0,1",
    "log_file": "./exps/logs/PyTorch-MFNet_at-amax.log",
    "lr_base": 0.005,
    "lr_factor": 0.1,
    "lr_steps": [
        50000,
        100000,
        150000
    ],
    "model_dir": "./exps/models",
    "model_prefix": "./exps/models/PyTorch-MFNet",
    "network": "MFNet_3D",
    "pretrained_2d": true,
    "pretrained_3d": "./network/pretrained/MFNet3D_UCF-101_Split-1_96.3.pth",
    "random_seed": 1,
    "resume_epoch": -1,
    "save_frequency": 1,
    "task_name": "PyTorch-MFNet",
    "train_frame_interval": 2,
    "val_frame_interval": 2,
    "world_size": 1
}
2019-01-09 20:08:14: Target dataset: 'ANVIEW', configs: {'num_classes': 14}
/home/ljf/code/PyTorch-MFNet/network/initializer.py:12: UserWarning: nn.init.xavier_uniform is now deprecated in favor of nn.init.xavier_uniform_.
  torch.nn.init.xavier_uniform(m.weight.data, gain=1.)
/home/ljf/code/PyTorch-MFNet/network/initializer.py:20: UserWarning: nn.init.xavier_uniform is now deprecated in favor of nn.init.xavier_uniform_.
  torch.nn.init.xavier_uniform(m.weight.data, gain=1.)
2019-01-09 20:08:14: Network:: graph initialized, loading pretrained model: `/home/ljf/code/PyTorch-MFNet/network/pretrained/MFNet2D_ImageNet1k-0000.pth'
2019-01-09 20:08:14: Initializer:: loading from 2D neural network, filling method: `inflation' ...
2019-01-09 20:08:15: Initializer:: >> 2 params are unused: ['classifier.weight', 'classifier.bias']
2019-01-09 20:08:15: Initializer:: >> failed to load: 
[
    "classifier.weight",
    "classifier.bias"
]
2019-01-09 20:08:15: loading network configs of: MFNET_3D
2019-01-09 20:08:15: Preprocessing:: using MXNet default mean & std.
2019-01-09 20:08:15: data:: {'mean': [0.48627450980392156, 0.4588235294117647, 0.40784313725490196], 'std': [0.23482446870963955, 0.23482446870963955, 0.23482446870963955]}
2019-01-09 20:08:15: VideoIter:: clip_length = 16, interval = [train: 2, val: 2], seed = 101
2019-01-09 20:08:15: VideoIter:: >> `check_video' is off, `tolerant_corrupted_video' is automatically activated.
2019-01-09 20:08:15: VideoIter:: found 550 videos in `./dataset/anview/raw/list_cvt/anview_split1_train.txt'
2019-01-09 20:08:15: VideoIter:: iterator initialized (phase: 'train', num: 550)
2019-01-09 20:08:15: VideoIter:: >> `check_video' is off, `tolerant_corrupted_video' is automatically activated.
2019-01-09 20:08:15: VideoIter:: found 146 videos in `./dataset/anview/raw/list_cvt/anview_split1_test.txt'
2019-01-09 20:08:15: VideoIter:: iterator initialized (phase: 'test', num: 146)
2019-01-09 20:08:18: Optimizer:: >> recuding the learning rate of 209 params: ['conv1.conv.weight', 'conv1.bn.weight', 'conv1.bn.bias', 'conv2.B01.conv_i1.bn.weight', 'conv2.B01.conv_i1.bn.bias', 'conv2.B01.conv_i1.conv.weight', ... 3.conv_m1.conv.weight', 'conv5.B03.conv_m2.bn.weight', 'conv5.B03.conv_m2.bn.bias', 'conv5.B03.conv_m2.conv.weight', 'tail.bn.weight', 'tail.bn.bias']
2019-01-09 20:08:18: Initializer:: loading model states from: `./network/pretrained/MFNet3D_UCF-101_Split-1_96.3.pth'
2019-01-09 20:08:19: >> Failed to load: ['module.classifier.weight', 'module.classifier.bias']
2019-01-09 20:08:19: Iter 0: start with learning rate: 5.00000e-03 (next lr step: 1562)
2019-01-09 20:08:19: Start epoch 0:
2019-01-09 20:08:54: Epoch [0]   Batch [0]    Speed   0.9 (+ 2) sample/sec  loss-ce = 3.37959, top1 = 0.12500, top5 = 0.40625  
2019-01-09 20:09:14: Epoch [0]   time cost: 55.61 sec (0.02 h)
2019-01-09 20:09:14: Checkpoint (model & optimizer) saved to: ./exps/models/PyTorch-MFNet_ep-0001.pth
2019-01-09 20:09:14: Start evaluating epoch 0:
/home/ljf/code/PyTorch-MFNet/train/model.py:115: UserWarning: volatile was removed and now has no effect. Use `with torch.no_grad():` instead.
  input_var = torch.autograd.Variable(data, volatile=True)
/home/ljf/code/PyTorch-MFNet/train/model.py:116: UserWarning: volatile was removed and now has no effect. Use `with torch.no_grad():` instead.
  target_var = torch.autograd.Variable(target, volatile=True)
2019-01-09 20:09:22: Epoch [0]   Batch [36]   Speed  18.4 (+11) sample/sec  loss-ce = 2.28989, top1 = 0.24658, top5 = 0.62329  
2019-01-09 20:09:22: Start epoch 1:
2019-01-09 20:09:47: Epoch [1]   Batch [0]    Speed   1.3 (+28) sample/sec  loss-ce = 2.27235, top1 = 0.28125, top5 = 0.68750  
2019-01-09 20:10:04: Epoch [1]   time cost: 42.06 sec (0.01 h)
2019-01-09 20:10:04: Checkpoint (model & optimizer) saved to: ./exps/models/PyTorch-MFNet_ep-0002.pth
2019-01-09 20:10:04: Start evaluating epoch 1:
2019-01-09 20:10:11: Epoch [1]   Batch [36]   Speed  23.3 (+23) sample/sec  loss-ce = 1.79903, top1 = 0.47945, top5 = 0.86301  
2019-01-09 20:10:11: Start epoch 2:
2019-01-09 20:10:34: Epoch [2]   Batch [0]    Speed   1.4 (+29) sample/sec  loss-ce = 1.59735, top1 = 0.43750, top5 = 0.87500  
2019-01-09 20:10:52: Epoch [2]   time cost: 41.14 sec (0.01 h)
2019-01-09 20:10:52: Checkpoint (model & optimizer) saved to: ./exps/models/PyTorch-MFNet_ep-0003.pth
2019-01-09 20:10:52: Start evaluating epoch 2:
2019-01-09 20:10:58: Epoch [2]   Batch [36]   Speed  23.9 (+25) sample/sec  loss-ce = 1.55602, top1 = 0.49315, top5 = 0.88356  
2019-01-09 20:10:58: Start epoch 3:
2019-01-09 20:11:23: Epoch [3]   Batch [0]    Speed   1.3 (+29) sample/sec  loss-ce = 1.26460, top1 = 0.59375, top5 = 0.93750  
2019-01-09 20:11:40: Epoch [3]   time cost: 42.10 sec (0.01 h)
2019-01-09 20:11:40: Checkpoint (model & optimizer) saved to: ./exps/models/PyTorch-MFNet_ep-0004.pth
2019-01-09 20:11:40: Start evaluating epoch 3:
2019-01-09 20:11:46: Epoch [3]   Batch [36]   Speed  23.9 (+25) sample/sec  loss-ce = 1.40853, top1 = 0.54110, top5 = 0.93151  
2019-01-09 20:11:46: Start epoch 4:
2019-01-09 20:12:12: Epoch [4]   Batch [0]    Speed   1.2 (+29) sample/sec  loss-ce = 1.20887, top1 = 0.59375, top5 = 1.00000  
2019-01-09 20:12:29: Epoch [4]   time cost: 43.04 sec (0.01 h)
2019-01-09 20:12:29: Checkpoint (model & optimizer) saved to: ./exps/models/PyTorch-MFNet_ep-0005.pth
2019-01-09 20:12:29: Start evaluating epoch 4:
2019-01-09 20:12:36: Epoch [4]   Batch [36]   Speed  23.6 (+25) sample/sec  loss-ce = 1.29068, top1 = 0.58904, top5 = 0.95890  
2019-01-09 20:12:36: Start epoch 5:
2019-01-09 20:13:01: Epoch [5]   Batch [0]    Speed   1.3 (+29) sample/sec  loss-ce = 0.85492, top1 = 0.75000, top5 = 0.96875  
2019-01-09 20:13:18: Epoch [5]   time cost: 42.36 sec (0.01 h)
2019-01-09 20:13:18: Checkpoint (model & optimizer) saved to: ./exps/models/PyTorch-MFNet_ep-0006.pth
2019-01-09 20:13:18: Start evaluating epoch 5:
2019-01-09 20:13:24: Epoch [5]   Batch [36]   Speed  24.3 (+25) sample/sec  loss-ce = 1.17843, top1 = 0.61644, top5 = 0.96575  
2019-01-09 20:13:24: Start epoch 6:
2019-01-09 20:13:50: Epoch [6]   Batch [0]    Speed   1.2 (+29) sample/sec  loss-ce = 0.84243, top1 = 0.81250, top5 = 0.96875  
2019-01-09 20:14:07: Epoch [6]   time cost: 42.66 sec (0.01 h)
2019-01-09 20:14:07: Checkpoint (model & optimizer) saved to: ./exps/models/PyTorch-MFNet_ep-0007.pth
2019-01-09 20:14:07: Start evaluating epoch 6:
2019-01-09 20:14:13: Epoch [6]   Batch [36]   Speed  23.0 (+24) sample/sec  loss-ce = 1.06053, top1 = 0.65753, top5 = 0.97260  
2019-01-09 20:14:13: Start epoch 7:
2019-01-09 20:14:39: Epoch [7]   Batch [0]    Speed   1.2 (+29) sample/sec  loss-ce = 0.86366, top1 = 0.71875, top5 = 1.00000  
2019-01-09 20:14:56: Epoch [7]   time cost: 43.19 sec (0.01 h)
2019-01-09 20:14:57: Checkpoint (model & optimizer) saved to: ./exps/models/PyTorch-MFNet_ep-0008.pth
2019-01-09 20:14:57: Start evaluating epoch 7:
2019-01-09 20:15:03: Epoch [7]   Batch [36]   Speed  23.8 (+24) sample/sec  loss-ce = 1.07326, top1 = 0.67123, top5 = 0.97260  
2019-01-09 20:15:03: Start epoch 8:
2019-01-09 20:15:28: Epoch [8]   Batch [0]    Speed   1.2 (+29) sample/sec  loss-ce = 0.75965, top1 = 0.75000, top5 = 0.96875  
2019-01-09 20:15:45: Epoch [8]   time cost: 42.77 sec (0.01 h)
2019-01-09 20:15:46: Checkpoint (model & optimizer) saved to: ./exps/models/PyTorch-MFNet_ep-0009.pth
2019-01-09 20:15:46: Start evaluating epoch 8:
2019-01-09 20:15:52: Epoch [8]   Batch [36]   Speed  23.3 (+23) sample/sec  loss-ce = 0.99210, top1 = 0.68493, top5 = 0.97945  
2019-01-09 20:15:52: Start epoch 9:
2019-01-09 20:16:18: Epoch [9]   Batch [0]    Speed   1.2 (+29) sample/sec  loss-ce = 0.52288, top1 = 0.90625, top5 = 1.00000  
2019-01-09 20:16:35: Epoch [9]   time cost: 43.25 sec (0.01 h)
2019-01-09 20:16:35: Checkpoint (model & optimizer) saved to: ./exps/models/PyTorch-MFNet_ep-0010.pth
2019-01-09 20:16:35: Start evaluating epoch 9:
2019-01-09 20:16:41: Epoch [9]   Batch [36]   Speed  23.6 (+23) sample/sec  loss-ce = 0.89893, top1 = 0.71918, top5 = 0.96575  
2019-01-09 20:16:42: Start epoch 10:
2019-01-09 20:17:08: Epoch [10]  Batch [0]    Speed   1.2 (+29) sample/sec  loss-ce = 0.36742, top1 = 0.96875, top5 = 1.00000  
2019-01-09 20:17:25: Epoch [10]   time cost: 42.79 sec (0.01 h)
2019-01-09 20:17:25: Checkpoint (model & optimizer) saved to: ./exps/models/PyTorch-MFNet_ep-0011.pth
2019-01-09 20:17:25: Start evaluating epoch 10:
2019-01-09 20:17:31: Epoch [10]  Batch [36]   Speed  23.3 (+23) sample/sec  loss-ce = 0.89004, top1 = 0.65753, top5 = 0.97945  
2019-01-09 20:17:31: Start epoch 11:
2019-01-09 20:17:57: Epoch [11]  Batch [0]    Speed   1.2 (+29) sample/sec  loss-ce = 0.54259, top1 = 0.84375, top5 = 1.00000  
2019-01-09 20:18:14: Epoch [11]   time cost: 43.36 sec (0.01 h)
2019-01-09 20:18:14: Checkpoint (model & optimizer) saved to: ./exps/models/PyTorch-MFNet_ep-0012.pth
2019-01-09 20:18:14: Start evaluating epoch 11:
2019-01-09 20:18:21: Epoch [11]  Batch [36]   Speed  22.9 (+23) sample/sec  loss-ce = 0.88589, top1 = 0.73973, top5 = 0.97945  
2019-01-09 20:18:21: Start epoch 12:
2019-01-09 20:18:46: Epoch [12]  Batch [0]    Speed   1.3 (+29) sample/sec  loss-ce = 0.30940, top1 = 0.84375, top5 = 1.00000  
2019-01-09 20:19:03: Epoch [12]   time cost: 42.40 sec (0.01 h)
2019-01-09 20:19:03: Checkpoint (model & optimizer) saved to: ./exps/models/PyTorch-MFNet_ep-0013.pth
2019-01-09 20:19:03: Start evaluating epoch 12:
2019-01-09 20:19:09: Epoch [12]  Batch [36]   Speed  23.6 (+25) sample/sec  loss-ce = 0.84691, top1 = 0.72603, top5 = 0.97945  
2019-01-09 20:19:09: Start epoch 13:
2019-01-09 20:19:36: Epoch [13]  Batch [0]    Speed   1.2 (+29) sample/sec  loss-ce = 0.23734, top1 = 0.93750, top5 = 1.00000  
2019-01-09 20:19:53: Epoch [13]   time cost: 43.49 sec (0.01 h)
2019-01-09 20:19:53: Checkpoint (model & optimizer) saved to: ./exps/models/PyTorch-MFNet_ep-0014.pth
2019-01-09 20:19:53: Start evaluating epoch 13:
2019-01-09 20:19:59: Epoch [13]  Batch [36]   Speed  24.2 (+24) sample/sec  loss-ce = 0.81795, top1 = 0.73288, top5 = 0.97945  
2019-01-09 20:19:59: Start epoch 14:
2019-01-09 20:20:25: Epoch [14]  Batch [0]    Speed   1.2 (+29) sample/sec  loss-ce = 0.43871, top1 = 0.84375, top5 = 1.00000  
2019-01-09 20:20:43: Epoch [14]   time cost: 43.42 sec (0.01 h)
2019-01-09 20:20:43: Checkpoint (model & optimizer) saved to: ./exps/models/PyTorch-MFNet_ep-0015.pth
2019-01-09 20:20:43: Start evaluating epoch 14:
2019-01-09 20:20:49: Epoch [14]  Batch [36]   Speed  23.1 (+23) sample/sec  loss-ce = 0.75864, top1 = 0.76027, top5 = 0.97945  
2019-01-09 20:20:49: Start epoch 15:
2019-01-09 20:21:16: Epoch [15]  Batch [0]    Speed   1.2 (+29) sample/sec  loss-ce = 0.41868, top1 = 0.87500, top5 = 1.00000  
2019-01-09 20:21:33: Epoch [15]   time cost: 43.31 sec (0.01 h)
2019-01-09 20:21:33: Checkpoint (model & optimizer) saved to: ./exps/models/PyTorch-MFNet_ep-0016.pth
2019-01-09 20:21:33: Start evaluating epoch 15:
2019-01-09 20:21:39: Epoch [15]  Batch [36]   Speed  22.1 (+23) sample/sec  loss-ce = 0.75452, top1 = 0.77397, top5 = 0.97945  
2019-01-09 20:21:39: Start epoch 16:
2019-01-09 20:22:06: Epoch [16]  Batch [0]    Speed   1.2 (+29) sample/sec  loss-ce = 0.33433, top1 = 0.87500, top5 = 1.00000  
2019-01-09 20:22:23: Epoch [16]   time cost: 43.30 sec (0.01 h)
2019-01-09 20:22:23: Checkpoint (model & optimizer) saved to: ./exps/models/PyTorch-MFNet_ep-0017.pth
2019-01-09 20:22:23: Start evaluating epoch 16:
2019-01-09 20:22:29: Epoch [16]  Batch [36]   Speed  23.5 (+25) sample/sec  loss-ce = 0.75908, top1 = 0.73973, top5 = 0.97260  
2019-01-09 20:22:29: Start epoch 17:
2019-01-09 20:22:56: Epoch [17]  Batch [0]    Speed   1.2 (+29) sample/sec  loss-ce = 0.17167, top1 = 1.00000, top5 = 1.00000  
2019-01-09 20:23:13: Epoch [17]   time cost: 43.83 sec (0.01 h)
2019-01-09 20:23:13: Checkpoint (model & optimizer) saved to: ./exps/models/PyTorch-MFNet_ep-0018.pth
2019-01-09 20:23:13: Start evaluating epoch 17:
2019-01-09 20:23:20: Epoch [17]  Batch [36]   Speed  22.7 (+26) sample/sec  loss-ce = 0.88050, top1 = 0.73973, top5 = 0.98630  
2019-01-09 20:23:20: Start epoch 18:
2019-01-09 20:23:45: Epoch [18]  Batch [0]    Speed   1.2 (+29) sample/sec  loss-ce = 0.20971, top1 = 0.93750, top5 = 1.00000  
2019-01-09 20:24:03: Epoch [18]   time cost: 43.53 sec (0.01 h)
2019-01-09 20:24:03: Checkpoint (model & optimizer) saved to: ./exps/models/PyTorch-MFNet_ep-0019.pth
2019-01-09 20:24:03: Start evaluating epoch 18:
2019-01-09 20:24:09: Epoch [18]  Batch [36]   Speed  23.8 (+25) sample/sec  loss-ce = 0.76153, top1 = 0.76712, top5 = 0.98630  
2019-01-09 20:24:09: Start epoch 19:
2019-01-09 20:24:36: Epoch [19]  Batch [0]    Speed   1.2 (+28) sample/sec  loss-ce = 0.27151, top1 = 0.93750, top5 = 1.00000  
2019-01-09 20:24:53: Epoch [19]   time cost: 44.13 sec (0.01 h)
2019-01-09 20:24:54: Checkpoint (model & optimizer) saved to: ./exps/models/PyTorch-MFNet_ep-0020.pth
2019-01-09 20:24:54: Start evaluating epoch 19:
2019-01-09 20:25:00: Epoch [19]  Batch [36]   Speed  23.3 (+23) sample/sec  loss-ce = 0.74424, top1 = 0.78767, top5 = 0.99315  
2019-01-09 20:25:00: Start epoch 20:
2019-01-09 20:25:25: Epoch [20]  Batch [0]    Speed   1.3 (+29) sample/sec  loss-ce = 0.13509, top1 = 1.00000, top5 = 1.00000  
2019-01-09 20:25:43: Epoch [20]   time cost: 42.72 sec (0.01 h)
2019-01-09 20:25:43: Checkpoint (model & optimizer) saved to: ./exps/models/PyTorch-MFNet_ep-0021.pth
2019-01-09 20:25:43: Start evaluating epoch 20:
2019-01-09 20:25:49: Epoch [20]  Batch [36]   Speed  23.0 (+24) sample/sec  loss-ce = 0.77203, top1 = 0.76027, top5 = 0.98630  
2019-01-09 20:25:49: Start epoch 21:
2019-01-09 20:26:15: Epoch [21]  Batch [0]    Speed   1.2 (+29) sample/sec  loss-ce = 0.24873, top1 = 0.90625, top5 = 1.00000  
2019-01-09 20:26:32: Epoch [21]   time cost: 43.13 sec (0.01 h)
2019-01-09 20:26:32: Checkpoint (model & optimizer) saved to: ./exps/models/PyTorch-MFNet_ep-0022.pth
2019-01-09 20:26:32: Start evaluating epoch 21:
2019-01-09 20:26:38: Epoch [21]  Batch [36]   Speed  23.4 (+24) sample/sec  loss-ce = 0.68707, top1 = 0.77397, top5 = 0.97945  
2019-01-09 20:26:38: Start epoch 22:
2019-01-09 20:27:03: Epoch [22]  Batch [0]    Speed   1.3 (+29) sample/sec  loss-ce = 0.23414, top1 = 0.90625, top5 = 1.00000  
2019-01-09 20:27:20: Epoch [22]   time cost: 41.49 sec (0.01 h)
2019-01-09 20:27:20: Checkpoint (model & optimizer) saved to: ./exps/models/PyTorch-MFNet_ep-0023.pth
2019-01-09 20:27:20: Start evaluating epoch 22:
2019-01-09 20:27:26: Epoch [22]  Batch [36]   Speed  23.5 (+24) sample/sec  loss-ce = 0.72238, top1 = 0.76712, top5 = 0.99315  
2019-01-09 20:27:26: Start epoch 23:
2019-01-09 20:27:52: Epoch [23]  Batch [0]    Speed   1.2 (+29) sample/sec  loss-ce = 0.07344, top1 = 1.00000, top5 = 1.00000  
2019-01-09 20:28:09: Epoch [23]   time cost: 43.08 sec (0.01 h)
2019-01-09 20:28:09: Checkpoint (model & optimizer) saved to: ./exps/models/PyTorch-MFNet_ep-0024.pth
2019-01-09 20:28:09: Start evaluating epoch 23:
2019-01-09 20:28:16: Epoch [23]  Batch [36]   Speed  23.1 (+25) sample/sec  loss-ce = 0.64355, top1 = 0.80822, top5 = 0.97945  
2019-01-09 20:28:16: Start epoch 24:
2019-01-09 20:28:42: Epoch [24]  Batch [0]    Speed   1.2 (+29) sample/sec  loss-ce = 0.14684, top1 = 0.96875, top5 = 1.00000  
2019-01-09 20:28:59: Epoch [24]   time cost: 43.00 sec (0.01 h)
2019-01-09 20:28:59: Checkpoint (model & optimizer) saved to: ./exps/models/PyTorch-MFNet_ep-0025.pth
2019-01-09 20:28:59: Start evaluating epoch 24:
2019-01-09 20:29:05: Epoch [24]  Batch [36]   Speed  23.7 (+25) sample/sec  loss-ce = 0.67365, top1 = 0.76712, top5 = 0.98630  
2019-01-09 20:29:05: Start epoch 25:
2019-01-09 20:29:31: Epoch [25]  Batch [0]    Speed   1.2 (+29) sample/sec  loss-ce = 0.25679, top1 = 0.90625, top5 = 1.00000  
2019-01-09 20:29:48: Epoch [25]   time cost: 42.66 sec (0.01 h)
2019-01-09 20:29:48: Checkpoint (model & optimizer) saved to: ./exps/models/PyTorch-MFNet_ep-0026.pth
2019-01-09 20:29:48: Start evaluating epoch 25:
2019-01-09 20:29:54: Epoch [25]  Batch [36]   Speed  24.0 (+25) sample/sec  loss-ce = 0.71871, top1 = 0.77397, top5 = 0.98630  
2019-01-09 20:29:54: Start epoch 26:
2019-01-09 20:30:18: Epoch [26]  Batch [0]    Speed   1.3 (+29) sample/sec  loss-ce = 0.15416, top1 = 0.93750, top5 = 1.00000  
2019-01-09 20:30:36: Epoch [26]   time cost: 41.98 sec (0.01 h)
2019-01-09 20:30:36: Checkpoint (model & optimizer) saved to: ./exps/models/PyTorch-MFNet_ep-0027.pth
2019-01-09 20:30:36: Start evaluating epoch 26:
2019-01-09 20:30:42: Epoch [26]  Batch [36]   Speed  24.2 (+23) sample/sec  loss-ce = 0.64976, top1 = 0.77397, top5 = 0.99315  
2019-01-09 20:30:42: Start epoch 27:
2019-01-09 20:31:07: Epoch [27]  Batch [0]    Speed   1.3 (+28) sample/sec  loss-ce = 0.14881, top1 = 0.96875, top5 = 1.00000  
2019-01-09 20:31:24: Epoch [27]   time cost: 42.21 sec (0.01 h)
2019-01-09 20:31:24: Checkpoint (model & optimizer) saved to: ./exps/models/PyTorch-MFNet_ep-0028.pth
2019-01-09 20:31:24: Start evaluating epoch 27:
2019-01-09 20:31:31: Epoch [27]  Batch [36]   Speed  23.5 (+24) sample/sec  loss-ce = 0.70451, top1 = 0.73973, top5 = 0.98630  
2019-01-09 20:31:31: Start epoch 28:
2019-01-09 20:31:55: Epoch [28]  Batch [0]    Speed   1.3 (+29) sample/sec  loss-ce = 0.23311, top1 = 0.90625, top5 = 1.00000  
2019-01-09 20:32:13: Epoch [28]   time cost: 41.93 sec (0.01 h)
2019-01-09 20:32:13: Checkpoint (model & optimizer) saved to: ./exps/models/PyTorch-MFNet_ep-0029.pth
2019-01-09 20:32:13: Start evaluating epoch 28:
2019-01-09 20:32:19: Epoch [28]  Batch [36]   Speed  23.9 (+25) sample/sec  loss-ce = 0.65295, top1 = 0.75342, top5 = 0.98630  
2019-01-09 20:32:19: Start epoch 29:
2019-01-09 20:32:45: Epoch [29]  Batch [0]    Speed   1.2 (+29) sample/sec  loss-ce = 0.15720, top1 = 0.96875, top5 = 1.00000  
2019-01-09 20:33:02: Epoch [29]   time cost: 43.23 sec (0.01 h)
2019-01-09 20:33:02: Checkpoint (model & optimizer) saved to: ./exps/models/PyTorch-MFNet_ep-0030.pth
2019-01-09 20:33:02: Start evaluating epoch 29:
2019-01-09 20:33:08: Epoch [29]  Batch [36]   Speed  23.8 (+25) sample/sec  loss-ce = 0.66348, top1 = 0.78082, top5 = 0.98630  
2019-01-09 20:33:08: Start epoch 30:
2019-01-09 20:33:33: Epoch [30]  Batch [0]    Speed   1.3 (+29) sample/sec  loss-ce = 0.09890, top1 = 1.00000, top5 = 1.00000  
2019-01-09 20:33:50: Epoch [30]   time cost: 42.26 sec (0.01 h)
2019-01-09 20:33:51: Checkpoint (model & optimizer) saved to: ./exps/models/PyTorch-MFNet_ep-0031.pth
2019-01-09 20:33:51: Start evaluating epoch 30:
2019-01-09 20:33:57: Epoch [30]  Batch [36]   Speed  23.0 (+23) sample/sec  loss-ce = 0.69203, top1 = 0.77397, top5 = 1.00000  
2019-01-09 20:33:57: Start epoch 31:
2019-01-09 20:34:23: Epoch [31]  Batch [0]    Speed   1.2 (+29) sample/sec  loss-ce = 0.21886, top1 = 0.90625, top5 = 1.00000  
2019-01-09 20:34:40: Epoch [31]   time cost: 42.73 sec (0.01 h)
2019-01-09 20:34:40: Checkpoint (model & optimizer) saved to: ./exps/models/PyTorch-MFNet_ep-0032.pth
2019-01-09 20:34:40: Start evaluating epoch 31:
2019-01-09 20:34:46: Epoch [31]  Batch [36]   Speed  23.4 (+24) sample/sec  loss-ce = 0.75961, top1 = 0.78082, top5 = 0.97945  
2019-01-09 20:34:46: Start epoch 32:
2019-01-09 20:35:12: Epoch [32]  Batch [0]    Speed   1.2 (+30) sample/sec  loss-ce = 0.16284, top1 = 0.96875, top5 = 1.00000  
2019-01-09 20:35:29: Epoch [32]   time cost: 42.63 sec (0.01 h)
2019-01-09 20:35:29: Checkpoint (model & optimizer) saved to: ./exps/models/PyTorch-MFNet_ep-0033.pth
2019-01-09 20:35:29: Start evaluating epoch 32:
2019-01-09 20:35:35: Epoch [32]  Batch [36]   Speed  22.5 (+23) sample/sec  loss-ce = 0.73767, top1 = 0.77397, top5 = 0.98630  
2019-01-09 20:35:35: Start epoch 33:
2019-01-09 20:36:01: Epoch [33]  Batch [0]    Speed   1.2 (+29) sample/sec  loss-ce = 0.04854, top1 = 1.00000, top5 = 1.00000  
2019-01-09 20:36:18: Epoch [33]   time cost: 42.75 sec (0.01 h)
2019-01-09 20:36:18: Checkpoint (model & optimizer) saved to: ./exps/models/PyTorch-MFNet_ep-0034.pth
2019-01-09 20:36:18: Start evaluating epoch 33:
2019-01-09 20:36:25: Epoch [33]  Batch [36]   Speed  22.8 (+25) sample/sec  loss-ce = 0.76405, top1 = 0.75342, top5 = 0.99315  
2019-01-09 20:36:25: Start epoch 34:
2019-01-09 20:36:50: Epoch [34]  Batch [0]    Speed   1.2 (+29) sample/sec  loss-ce = 0.32428, top1 = 0.93750, top5 = 1.00000  
2019-01-09 20:37:07: Epoch [34]   time cost: 42.76 sec (0.01 h)
2019-01-09 20:37:07: Checkpoint (model & optimizer) saved to: ./exps/models/PyTorch-MFNet_ep-0035.pth
2019-01-09 20:37:07: Start evaluating epoch 34:
2019-01-09 20:37:14: Epoch [34]  Batch [36]   Speed  23.0 (+25) sample/sec  loss-ce = 0.64317, top1 = 0.74658, top5 = 0.99315  
2019-01-09 20:37:14: Start epoch 35:
2019-01-09 20:37:38: Epoch [35]  Batch [0]    Speed   1.3 (+29) sample/sec  loss-ce = 0.11553, top1 = 0.96875, top5 = 1.00000  
2019-01-09 20:37:55: Epoch [35]   time cost: 41.54 sec (0.01 h)
2019-01-09 20:37:55: Checkpoint (model & optimizer) saved to: ./exps/models/PyTorch-MFNet_ep-0036.pth
2019-01-09 20:37:55: Start evaluating epoch 35:
2019-01-09 20:38:02: Epoch [35]  Batch [36]   Speed  23.4 (+24) sample/sec  loss-ce = 0.65304, top1 = 0.78767, top5 = 0.99315  
2019-01-09 20:38:02: Start epoch 36:
2019-01-09 20:38:26: Epoch [36]  Batch [0]    Speed   1.3 (+29) sample/sec  loss-ce = 0.07153, top1 = 0.96875, top5 = 1.00000  
2019-01-09 20:38:43: Epoch [36]   time cost: 41.87 sec (0.01 h)
2019-01-09 20:38:44: Checkpoint (model & optimizer) saved to: ./exps/models/PyTorch-MFNet_ep-0037.pth
2019-01-09 20:38:44: Start evaluating epoch 36:
2019-01-09 20:38:50: Epoch [36]  Batch [36]   Speed  23.4 (+25) sample/sec  loss-ce = 0.60352, top1 = 0.77397, top5 = 0.99315  
2019-01-09 20:38:50: Start epoch 37:
2019-01-09 20:39:15: Epoch [37]  Batch [0]    Speed   1.3 (+28) sample/sec  loss-ce = 0.11310, top1 = 0.96875, top5 = 1.00000  
2019-01-09 20:39:32: Epoch [37]   time cost: 42.00 sec (0.01 h)
2019-01-09 20:39:32: Checkpoint (model & optimizer) saved to: ./exps/models/PyTorch-MFNet_ep-0038.pth
2019-01-09 20:39:32: Start evaluating epoch 37:
2019-01-09 20:39:38: Epoch [37]  Batch [36]   Speed  23.6 (+24) sample/sec  loss-ce = 0.68949, top1 = 0.77397, top5 = 0.97945  
2019-01-09 20:39:38: Start epoch 38:
2019-01-09 20:40:02: Epoch [38]  Batch [0]    Speed   1.3 (+29) sample/sec  loss-ce = 0.15659, top1 = 0.93750, top5 = 1.00000  
2019-01-09 20:40:19: Epoch [38]   time cost: 41.31 sec (0.01 h)
2019-01-09 20:40:20: Checkpoint (model & optimizer) saved to: ./exps/models/PyTorch-MFNet_ep-0039.pth
2019-01-09 20:40:20: Start evaluating epoch 38:
2019-01-09 20:40:26: Epoch [38]  Batch [36]   Speed  23.7 (+25) sample/sec  loss-ce = 0.67159, top1 = 0.79452, top5 = 0.97260  
2019-01-09 20:40:26: Start epoch 39:
2019-01-09 20:40:52: Epoch [39]  Batch [0]    Speed   1.2 (+29) sample/sec  loss-ce = 0.14927, top1 = 0.93750, top5 = 1.00000  
2019-01-09 20:41:09: Epoch [39]   time cost: 43.22 sec (0.01 h)
2019-01-09 20:41:09: Checkpoint (model & optimizer) saved to: ./exps/models/PyTorch-MFNet_ep-0040.pth
2019-01-09 20:41:09: Start evaluating epoch 39:
2019-01-09 20:41:15: Epoch [39]  Batch [36]   Speed  24.1 (+25) sample/sec  loss-ce = 0.66406, top1 = 0.79452, top5 = 0.98630  
2019-01-09 20:41:15: Start epoch 40:
2019-01-09 20:41:40: Epoch [40]  Batch [0]    Speed   1.3 (+29) sample/sec  loss-ce = 0.08340, top1 = 0.96875, top5 = 1.00000  
2019-01-09 20:41:57: Epoch [40]   time cost: 42.28 sec (0.01 h)
2019-01-09 20:41:58: Checkpoint (model & optimizer) saved to: ./exps/models/PyTorch-MFNet_ep-0041.pth
2019-01-09 20:41:58: Start evaluating epoch 40:
2019-01-09 20:42:04: Epoch [40]  Batch [36]   Speed  23.6 (+25) sample/sec  loss-ce = 0.68617, top1 = 0.78082, top5 = 0.98630  
2019-01-09 20:42:04: Start epoch 41:
2019-01-09 20:42:30: Epoch [41]  Batch [0]    Speed   1.2 (+29) sample/sec  loss-ce = 0.03899, top1 = 1.00000, top5 = 1.00000  
2019-01-09 20:42:46: Epoch [41]   time cost: 42.80 sec (0.01 h)
2019-01-09 20:42:47: Checkpoint (model & optimizer) saved to: ./exps/models/PyTorch-MFNet_ep-0042.pth
2019-01-09 20:42:47: Start evaluating epoch 41:
2019-01-09 20:42:53: Epoch [41]  Batch [36]   Speed  23.2 (+24) sample/sec  loss-ce = 0.70320, top1 = 0.79452, top5 = 0.98630  
2019-01-09 20:42:53: Start epoch 42:
2019-01-09 20:43:18: Epoch [42]  Batch [0]    Speed   1.3 (+29) sample/sec  loss-ce = 0.08648, top1 = 1.00000, top5 = 1.00000  
2019-01-09 20:43:35: Epoch [42]   time cost: 42.51 sec (0.01 h)
2019-01-09 20:43:36: Checkpoint (model & optimizer) saved to: ./exps/models/PyTorch-MFNet_ep-0043.pth
2019-01-09 20:43:36: Start evaluating epoch 42:
2019-01-09 20:43:42: Epoch [42]  Batch [36]   Speed  23.5 (+25) sample/sec  loss-ce = 0.67549, top1 = 0.76712, top5 = 0.99315  
2019-01-09 20:43:42: Start epoch 43:
2019-01-09 20:44:08: Epoch [43]  Batch [0]    Speed   1.2 (+28) sample/sec  loss-ce = 0.07657, top1 = 1.00000, top5 = 1.00000  
2019-01-09 20:44:25: Epoch [43]   time cost: 42.93 sec (0.01 h)
2019-01-09 20:44:25: Checkpoint (model & optimizer) saved to: ./exps/models/PyTorch-MFNet_ep-0044.pth
2019-01-09 20:44:25: Start evaluating epoch 43:
2019-01-09 20:44:31: Epoch [43]  Batch [36]   Speed  23.3 (+25) sample/sec  loss-ce = 0.69657, top1 = 0.80137, top5 = 0.99315  
2019-01-09 20:44:31: Start epoch 44:
2019-01-09 20:44:56: Epoch [44]  Batch [0]    Speed   1.3 (+29) sample/sec  loss-ce = 0.10289, top1 = 0.96875, top5 = 1.00000  
2019-01-09 20:45:13: Epoch [44]   time cost: 41.80 sec (0.01 h)
2019-01-09 20:45:13: Checkpoint (model & optimizer) saved to: ./exps/models/PyTorch-MFNet_ep-0045.pth
2019-01-09 20:45:13: Start evaluating epoch 44:
2019-01-09 20:45:19: Epoch [44]  Batch [36]   Speed  22.5 (+24) sample/sec  loss-ce = 0.66710, top1 = 0.78767, top5 = 0.98630  
2019-01-09 20:45:19: Start epoch 45:
2019-01-09 20:45:43: Epoch [45]  Batch [0]    Speed   1.3 (+29) sample/sec  loss-ce = 0.11523, top1 = 0.96875, top5 = 1.00000  
2019-01-09 20:46:02: Epoch [45]   time cost: 42.16 sec (0.01 h)
2019-01-09 20:46:02: Checkpoint (model & optimizer) saved to: ./exps/models/PyTorch-MFNet_ep-0046.pth
2019-01-09 20:46:02: Start evaluating epoch 45:
2019-01-09 20:46:08: Epoch [45]  Batch [36]   Speed  23.5 (+25) sample/sec  loss-ce = 0.62187, top1 = 0.78082, top5 = 0.99315  
2019-01-09 20:46:08: Start epoch 46:
2019-01-09 20:46:32: Epoch [46]  Batch [0]    Speed   1.3 (+29) sample/sec  loss-ce = 0.06700, top1 = 1.00000, top5 = 1.00000  
2019-01-09 20:46:50: Epoch [46]   time cost: 42.11 sec (0.01 h)
2019-01-09 20:46:50: Checkpoint (model & optimizer) saved to: ./exps/models/PyTorch-MFNet_ep-0047.pth
2019-01-09 20:46:50: Start evaluating epoch 46:
2019-01-09 20:46:56: Epoch [46]  Batch [36]   Speed  23.7 (+25) sample/sec  loss-ce = 0.70840, top1 = 0.78082, top5 = 0.99315  
2019-01-09 20:46:56: Start epoch 47:
2019-01-09 20:47:21: Epoch [47]  Batch [0]    Speed   1.3 (+29) sample/sec  loss-ce = 0.20544, top1 = 0.96875, top5 = 1.00000  
2019-01-09 20:47:39: Epoch [47]   time cost: 42.22 sec (0.01 h)
2019-01-09 20:47:39: Checkpoint (model & optimizer) saved to: ./exps/models/PyTorch-MFNet_ep-0048.pth
2019-01-09 20:47:39: Start evaluating epoch 47:
2019-01-09 20:47:45: Epoch [47]  Batch [36]   Speed  23.3 (+25) sample/sec  loss-ce = 0.62579, top1 = 0.78767, top5 = 0.99315  
2019-01-09 20:47:45: Start epoch 48:
2019-01-09 20:48:11: Epoch [48]  Batch [0]    Speed   1.2 (+29) sample/sec  loss-ce = 0.10449, top1 = 0.96875, top5 = 1.00000  
2019-01-09 20:48:28: Epoch [48]   time cost: 43.24 sec (0.01 h)
2019-01-09 20:48:28: Checkpoint (model & optimizer) saved to: ./exps/models/PyTorch-MFNet_ep-0049.pth
2019-01-09 20:48:28: Start evaluating epoch 48:
2019-01-09 20:48:34: Epoch [48]  Batch [36]   Speed  23.5 (+25) sample/sec  loss-ce = 0.62831, top1 = 0.80822, top5 = 0.99315  
2019-01-09 20:48:34: Start epoch 49:
2019-01-09 20:48:57: Epoch [49]  Batch [0]    Speed   1.4 (+29) sample/sec  loss-ce = 0.03640, top1 = 1.00000, top5 = 1.00000  
2019-01-09 20:49:16: Epoch [49]   time cost: 41.97 sec (0.01 h)
2019-01-09 20:49:16: Checkpoint (model & optimizer) saved to: ./exps/models/PyTorch-MFNet_ep-0050.pth
2019-01-09 20:49:16: Start evaluating epoch 49:
2019-01-09 20:49:23: Epoch [49]  Batch [36]   Speed  24.0 (+24) sample/sec  loss-ce = 0.64403, top1 = 0.79452, top5 = 0.99315  
2019-01-09 20:49:23: Optimization done!
